2021-06-26T19:28:41.288Z [store-api] error POST  - Name, CPF, Phone, Email, Address são obrigatórios.
2021-06-26T19:29:11.536Z [store-api] error POST  - Name, CPF, Phone, Email, Address são obrigatórios.
2021-06-26T19:31:15.018Z [store-api] error POST  - Name, CPF, Phone, Email, Address são obrigatórios.
2021-06-26T20:27:52.594Z [store-api] error POST  - column "phone" of relation "clients" does not exist
2021-06-26T20:31:49.446Z [store-api] info POST /client - {"name":"João","cpf":"6546546564","phone":"165654656","email":"lhmalves@outlook.com","address":"rua x, n 2"}
2021-06-26T20:35:13.860Z [store-api] info POST /client - {"name":"João","cpf":"6546546564","phone":"165654656","email":"lhmalves@outlook.com","address":"rua x, n 2"}
2021-06-26T20:53:39.025Z [store-api] info POST /client - {"name":"João","cpf":"6546546564","phone":"165654656","email":"lhmalves@outlook.com","address":"rua x, n 2"}
2021-06-26T20:54:09.959Z [store-api] error POST  - aaa
2021-06-26T21:01:45.168Z [store-api] info GET /client
2021-06-26T21:09:57.910Z [store-api] error GET  - ClienteRepository.getClient is not a function
2021-06-26T21:10:55.930Z [store-api] info GET /client
2021-06-26T21:20:04.582Z [store-api] info DELETE /client
2021-06-26T21:20:12.166Z [store-api] info GET /client
2021-06-26T21:32:58.938Z [store-api] info POST /client - {"client_id":4,"name":"João","cpf":"6546546564","email":"lhmalves@outlook.com","address":"rua x, n 2","phone":"165654656"}
2021-06-26T21:33:23.537Z [store-api] error PUT  - client_id is not defined
2021-06-26T21:36:44.296Z [store-api] info GET /client
2021-06-26T21:37:13.110Z [store-api] error PUT  - client_id is not defined
2021-06-26T21:42:52.359Z [store-api] error PUT  - client_id is not defined
2021-06-26T21:43:06.541Z [store-api] error PUT  - client_id is not defined
2021-06-26T21:43:28.089Z [store-api] error PUT  - client_id is not defined
2021-06-26T21:43:39.225Z [store-api] error PUT  - client_id is not defined
2021-06-26T21:43:47.146Z [store-api] error PUT  - client_id is not defined
2021-06-26T21:45:46.284Z [store-api] info GET /client
2021-06-26T21:46:01.156Z [store-api] error PUT  - client_id is not defined
2021-06-26T21:48:13.441Z [store-api] error PUT  - client_id is not defined
2021-06-26T21:48:39.198Z [store-api] error PUT  - client_id is not defined
2021-06-26T21:48:42.177Z [store-api] error PUT  - client_id is not defined
2021-06-26T21:48:44.839Z [store-api] error PUT  - Unexpected token s in JSON at position 16
2021-06-26T21:48:52.270Z [store-api] error PUT  - client_id is not defined
2021-06-26T21:55:58.945Z [store-api] error PUT  - client_id is not defined
2021-06-26T22:02:51.393Z [store-api] error PUT  - client_id is not defined
2021-06-26T22:05:28.713Z [store-api] info POST /client - {"client_id":3,"name":"João 23","cpf":"6546546564","email":"lhmalves@outlook.com","address":"rua rx, n 2","phone":"165654656"}
2021-06-26T22:05:52.455Z [store-api] error PUT  - Client ID, Name, CPF, Phone, Email, Address são obrigatórios.
2021-06-26T22:06:04.209Z [store-api] error PUT  - client_id is not defined
2021-06-26T22:06:09.882Z [store-api] error PUT  - client_id is not defined
2021-06-26T22:06:15.561Z [store-api] error PUT  - Client ID, Name, CPF, Phone, Email, Address são obrigatórios.
2021-06-26T22:07:02.393Z [store-api] error PUT  - client_id is not defined
2021-06-26T22:07:10.038Z [store-api] info PUT /client - {"client_id":3,"name":"João 23","cpf":"6546546564","email":"lhmalves@outlook.com","address":"rua rx, n 2","phone":"165654656"}
2021-06-26T22:19:06.593Z [store-api] error POST  - Name, CPF, Phone, Email, Address são obrigatórios.
2021-06-26T22:19:51.480Z [store-api] error POST  - column "phone" of relation "suppliers" does not exist
2021-06-26T22:20:50.614Z [store-api] info POST /supplier - {"name":"Empresa DODO","cnpj":"6546546564","email":"lhmalves@outlook.com","address":"rua rx, n 2","phone":"165654656"}
2021-06-26T22:20:56.671Z [store-api] info POST /supplier - {"name":"Empresa DODO","cnpj":"6546546564","email":"lhmalves@outlook.com","address":"rua rx, n 2","phone":"165654656"}
2021-06-26T22:21:00.752Z [store-api] info GET /supplier
2021-06-26T22:21:05.757Z [store-api] info GET /supplier
2021-06-26T22:21:15.863Z [store-api] error PUT  - Supplier ID, Name, CNPJ, Phone, Email, Address são obrigatórios.
2021-06-26T22:21:33.344Z [store-api] info PUT /supplier - {"supplier_id":1,"name":"Empresa Feh","cnpj":"6546546564","email":"lhmalves@outlook.com","address":"rua rx, n 2","phone":"165654656"}
2021-06-26T22:21:38.459Z [store-api] info GET /supplier
2021-06-26T22:22:03.794Z [store-api] info POST /supplier - {"name":"Empresa Feh","cnpj":"6546546564","email":"lhmalves@outlook.com","address":"rua rx, n 2","phone":"165654656"}
2021-06-26T22:22:07.610Z [store-api] info GET /supplier
2021-06-26T22:22:23.347Z [store-api] info DELETE /supplier
2021-06-26T22:22:28.137Z [store-api] info GET /supplier
2021-06-27T00:07:13.522Z [store-api] info GET /product
2021-06-27T00:07:35.320Z [store-api] info GET /product
2021-06-27T00:07:39.572Z [store-api] info POST /product - {"name":"Notebook Acer","description":"i7 8gb 280g","value":5000,"stock":100,"supplier_id":2}
2021-06-27T00:08:05.259Z [store-api] error POST  - insert or update on table "products" violates foreign key constraint "fk_suppliers"
2021-06-27T00:09:24.074Z [store-api] info GET /product
2021-06-27T00:09:29.543Z [store-api] info GET /product
2021-06-27T00:11:08.923Z [store-api] info PUT /product - {"product_id":1,"name":"Notebook Dell","description":"i7 8gb 280g","value":5000,"stock":100,"supplier_id":2}
2021-06-27T00:11:13.713Z [store-api] info GET /product
2021-06-27T16:53:03.275Z [store-api] error POST  - insert or update on table "products" violates foreign key constraint "fk_suppliers"
2021-06-27T16:58:29.539Z [store-api] error POST  - O supplier_id informado não existe.
2021-06-27T16:58:35.716Z [store-api] error POST  - O supplier_id informado não existe.
2021-06-27T16:58:40.258Z [store-api] info POST /product - {"name":"Notebook Dell","description":"i7 8gb 280g","value":5000,"stock":100,"supplier_id":2}
2021-06-27T17:57:16.936Z [store-api] error POST  - column "poduct_id" of relation "sales" does not exist
2021-06-27T17:57:44.522Z [store-api] error POST  - column "poduct_id" of relation "sales" does not exist
2021-06-27T17:57:51.079Z [store-api] error POST  - column "poduct_id" of relation "sales" does not exist
2021-06-27T17:59:36.289Z [store-api] error POST  - column "poduct_id" of relation "sales" does not exist
2021-06-27T18:00:15.163Z [store-api] info POST /sale - {"value":3500,"date":"01/05/1995","client_id":4,"product_id":4}
2021-06-27T18:02:03.238Z [store-api] info PUT /sale - {"sale_id":2,"value":50,"date":"01/05/1995","client_id":4,"product_id":4}
2021-06-27T18:02:07.032Z [store-api] info GET /sale
2021-06-27T18:02:22.527Z [store-api] info POST /sale - {"value":50,"date":"01/05/1995","client_id":4,"product_id":4}
2021-06-27T18:02:33.093Z [store-api] info DELETE /sale
2021-06-27T18:02:38.526Z [store-api] info GET /sale
2021-06-27T18:02:42.756Z [store-api] info GET /sale
2021-06-27T18:02:46.538Z [store-api] info GET /sale
2021-06-27T18:08:10.848Z [store-api] error POST  - Client ID não existe.
2021-06-27T18:08:21.724Z [store-api] error POST  - Product ID não existe.
2021-06-28T01:41:15.959Z [store-api] error POST  - Product ID não existe.
2021-06-28T01:41:22.610Z [store-api] error POST  - Cannot access 'sale' before initialization
2021-06-28T01:42:23.842Z [store-api] info GET /product
2021-06-28T01:43:04.543Z [store-api] error POST  - Cannot access 'sale' before initialization
2021-06-28T01:45:12.219Z [store-api] info POST /sale - {"value":50,"date":"01/05/1995","client_id":4,"product_id":1}
2021-06-28T01:45:26.108Z [store-api] info GET /product
2021-06-28T23:37:07.130Z [store-api] info GET /product
2021-06-28T23:37:18.127Z [store-api] info GET /sale
2021-06-28T23:37:29.332Z [store-api] info GET /product
2021-06-28T23:37:51.314Z [store-api] error DELETE  - SaleRepository.getProduct is not a function
2021-06-28T23:39:39.764Z [store-api] error DELETE  -  O id da sale informado não existe.
2021-06-28T23:39:46.351Z [store-api] info GET /sale
2021-06-28T23:39:59.851Z [store-api] info GET /sale
2021-06-28T23:40:04.311Z [store-api] error DELETE  - SaleRepository.getProduct is not a function
2021-06-28T23:42:05.964Z [store-api] info DELETE /sale
2021-06-28T23:42:17.885Z [store-api] info GET /product
2021-06-28T23:42:19.918Z [store-api] info GET /product
2021-06-28T23:45:53.907Z [store-api] info GET /sale
2021-06-28T23:46:14.071Z [store-api] error PUT  - Product ID não existe.
2021-06-28T23:46:37.536Z [store-api] info POST /sale - {"value":50,"date":"01/05/1995","client_id":4,"product_id":1}
2021-06-28T23:46:38.882Z [store-api] info POST /sale - {"value":50,"date":"01/05/1995","client_id":4,"product_id":1}
2021-06-28T23:46:40.315Z [store-api] info POST /sale - {"value":50,"date":"01/05/1995","client_id":4,"product_id":1}
2021-06-28T23:46:46.890Z [store-api] error POST  - Name, Description, Value, Stock, Supplier ID são obrigatórios.
2021-06-28T23:46:53.814Z [store-api] info GET /product
2021-06-28T23:47:10.242Z [store-api] info GET /sale
2021-06-28T23:47:29.611Z [store-api] info GET /sale
2021-06-28T23:47:35.084Z [store-api] error PUT  - syntax error at or near "WHERE"
2021-06-28T23:48:45.157Z [store-api] error PUT  - syntax error at or near "WHERE"
2021-06-28T23:49:06.383Z [store-api] info PUT /sale - {"sale_id":4,"value":50,"date":"01/05/1995","client_id":4,"product_id":4}
2021-06-29T00:03:08.222Z [store-api] info GET /sale
2021-06-29T00:03:31.128Z [store-api] info GET /sale
2021-06-29T00:03:35.659Z [store-api] info GET /sale
2021-08-19T13:21:09.305Z [store-api] info GET /client
2021-08-19T13:22:00.262Z [store-api] info POST /client - {"name":"Guilherme","cpf":"6546546564","email":"lhmalves@outlook.com","address":"rua x, n33 ","phone":"165654656"}
2021-08-19T13:22:59.666Z [store-api] info GET /client
2021-08-19T13:23:21.065Z [store-api] info PUT /client - {"client_id":7,"name":"Gui","cpf":"6546546564","email":"lhmalves@outlook.com","address":"rua x, n33 ","phone":"165654656"}
2021-08-19T13:23:33.258Z [store-api] info GET /client
2021-08-19T13:23:38.497Z [store-api] info DELETE /client
2021-08-19T13:23:41.215Z [store-api] info GET /client
2021-08-19T13:23:45.051Z [store-api] info GET /client
